<?xml version="1.0" encoding="UTF-8"?>
<!-- Generated by org.testng.reporters.JUnitReportReporter -->
<testsuite hostname="YY090802" name="com.test.tools.ConfigTest" tests="1" failures="0" timestamp="10 Jan 2018 03:02:27 GMT" time="0.016" errors="0">
  <testcase name="Configure" time="0.016" classname="com.test.tools.ConfigTest"/>
</testsuite> <!-- com.test.tools.ConfigTest -->
