<?xml version="1.0" encoding="UTF-8"?>
<!-- Generated by org.testng.reporters.JUnitReportReporter -->
<testsuite hostname="YY090802" name="com.test.appium.ServerManagerTest" tests="2" failures="0" timestamp="10 Jan 2018 03:17:15 GMT" time="55.908" errors="0">
  <testcase name="stop" time="0.031" classname="com.test.appium.ServerManagerTest"/>
  <testcase name="start" time="55.877" classname="com.test.appium.ServerManagerTest"/>
</testsuite> <!-- com.test.appium.ServerManagerTest -->
