<?xml version="1.0" encoding="UTF-8"?>
<!-- Generated by org.testng.reporters.JUnitReportReporter -->
<testsuite hostname="YY090802" name="com.test.testcase.Lamp" tests="1" failures="0" timestamp="18 Dec 2017 06:23:54 GMT" time="159.533" errors="0">
  <testcase name="errorShowup" time="159.533" classname="com.test.testcase.Lamp"/>
</testsuite> <!-- com.test.testcase.Lamp -->
