<?xml version="1.0" encoding="UTF-8"?>
<!-- Generated by org.testng.reporters.JUnitReportReporter -->
<testsuite hostname="YY090802" name="com.test.testcase.UniversalSet" tests="2" failures="0" timestamp="11 Jan 2018 02:12:46 GMT" time="159.902" errors="0">
  <testcase name="Set1" time="129.840" classname="com.test.testcase.UniversalSet"/>
  <testcase name="Set2" time="30.062" classname="com.test.testcase.UniversalSet"/>
</testsuite> <!-- com.test.testcase.UniversalSet -->
